<?xml version="1.0" encoding="utf-8"?><testsuites name="pytest tests"><testsuite name="pytest" errors="0" failures="0" skipped="0" tests="11" time="43.491" timestamp="2026-04-17T16:49:35.417305+00:00" hostname="agent-env-a11af69e-fbea-4679-9443-500e5a2647c9"><testcase classname="tests.test_raven_scout_api.TestHealthEndpoints" name="test_root_endpoint" time="0.316" /><testcase classname="tests.test_raven_scout_api.TestHealthEndpoints" name="test_health_endpoint" time="19.610" /><testcase classname="tests.test_raven_scout_api.TestSpeciesEndpoint" name="test_get_species" time="0.129" /><testcase classname="tests.test_raven_scout_api.TestAnalyzeHuntEndpoint" name="test_analyze_hunt_with_map_image" time="21.746" /><testcase classname="tests.test_raven_scout_api.TestAnalyzeHuntEndpoint" name="test_analyze_hunt_missing_conditions" time="0.248" /><testcase classname="tests.test_raven_scout_api.TestAnalyzeHuntEndpoint" name="test_analyze_hunt_invalid_species" time="0.129" /><testcase classname="tests.test_weather_api.TestWeatherEndpoint" name="test_weather_endpoint_morning" time="0.373" /><testcase classname="tests.test_weather_api.TestWeatherEndpoint" name="test_weather_endpoint_evening" time="0.239" /><testcase classname="tests.test_weather_api.TestWeatherEndpoint" name="test_weather_endpoint_all_day" time="0.181" /><testcase classname="tests.test_weather_api.TestWeatherEndpoint" name="test_weather_endpoint_different_location" time="0.254" /><testcase classname="tests.test_weather_api.TestWeatherEndpoint" name="test_weather_endpoint_missing_fields" time="0.184" /></testsuite></testsuites>