<?xml version="1.0" encoding="utf-8"?><testsuites name="pytest tests"><testsuite name="pytest" errors="0" failures="2" skipped="0" tests="21" time="18.835" timestamp="2026-04-17T18:41:10.230892+00:00" hostname="agent-env-a11af69e-fbea-4679-9443-500e5a2647c9"><testcase classname="tests.test_auth_subscription.TestAuthEndpoints" name="test_auth_me_with_valid_token" time="0.160" /><testcase classname="tests.test_auth_subscription.TestAuthEndpoints" name="test_auth_me_without_token" time="0.112" /><testcase classname="tests.test_auth_subscription.TestAuthEndpoints" name="test_auth_me_with_invalid_token" time="0.164" /><testcase classname="tests.test_auth_subscription.TestSubscriptionEndpoints" name="test_subscription_status_with_auth" time="0.116" /><testcase classname="tests.test_auth_subscription.TestSubscriptionEndpoints" name="test_subscription_status_without_auth" time="0.103" /><testcase classname="tests.test_auth_subscription.TestSubscriptionEndpoints" name="test_subscription_tiers_public" time="0.136" /><testcase classname="tests.test_auth_subscription.TestSubscriptionEndpoints" name="test_subscription_sync_revenuecat" time="0.131" /><testcase classname="tests.test_auth_subscription.TestUsageEnforcement" name="test_analyze_hunt_requires_auth" time="0.138" /><testcase classname="tests.test_auth_subscription.TestUsageEnforcement" name="test_analyze_hunt_with_auth_succeeds" time="15.507" /><testcase classname="tests.test_auth_subscription.TestUsageEnforcement" name="test_weather_api_blocks_trial_users" time="0.455" /><testcase classname="tests.test_raven_scout_api.TestHealthEndpoints" name="test_root_endpoint" time="0.105" /><testcase classname="tests.test_raven_scout_api.TestHealthEndpoints" name="test_health_endpoint" time="0.142" /><testcase classname="tests.test_raven_scout_api.TestSpeciesEndpoint" name="test_get_species" time="0.128" /><testcase classname="tests.test_raven_scout_api.TestAnalyzeHuntEndpoint" name="test_analyze_hunt_with_map_image" time="0.132"><failure message="AssertionError: Expected 200, got 401: {&quot;detail&quot;:&quot;Not authenticated&quot;}&#10;assert 401 == 200&#10; +  where 401 = &lt;Response [401]&gt;.status_code">tests/test_raven_scout_api.py:148: in test_analyze_hunt_with_map_image
    assert response.status_code == 200, f"Expected 200, got {response.status_code}: {response.text}"
E   AssertionError: Expected 200, got 401: {"detail":"Not authenticated"}
E   assert 401 == 200
E    +  where 401 = &lt;Response [401]&gt;.status_code</failure></testcase><testcase classname="tests.test_raven_scout_api.TestAnalyzeHuntEndpoint" name="test_analyze_hunt_missing_conditions" time="0.129" /><testcase classname="tests.test_raven_scout_api.TestAnalyzeHuntEndpoint" name="test_analyze_hunt_invalid_species" time="0.107"><failure message="AssertionError: Expected 200, got 401&#10;assert 401 == 200&#10; +  where 401 = &lt;Response [401]&gt;.status_code">tests/test_raven_scout_api.py:251: in test_analyze_hunt_invalid_species
    assert response.status_code == 200, f"Expected 200, got {response.status_code}"
E   AssertionError: Expected 200, got 401
E   assert 401 == 200
E    +  where 401 = &lt;Response [401]&gt;.status_code</failure></testcase><testcase classname="tests.test_weather_api.TestWeatherEndpoint" name="test_weather_endpoint_morning" time="0.204" /><testcase classname="tests.test_weather_api.TestWeatherEndpoint" name="test_weather_endpoint_evening" time="0.159" /><testcase classname="tests.test_weather_api.TestWeatherEndpoint" name="test_weather_endpoint_all_day" time="0.208" /><testcase classname="tests.test_weather_api.TestWeatherEndpoint" name="test_weather_endpoint_different_location" time="0.248" /><testcase classname="tests.test_weather_api.TestWeatherEndpoint" name="test_weather_endpoint_missing_fields" time="0.119" /></testsuite></testsuites>