<?xml version="1.0" encoding="utf-8"?><testsuites name="pytest tests"><testsuite name="pytest" errors="0" failures="0" skipped="0" tests="6" time="22.115" timestamp="2026-04-17T15:27:04.065278+00:00" hostname="agent-env-a11af69e-fbea-4679-9443-500e5a2647c9"><testcase classname="tests.test_raven_scout_api.TestHealthEndpoints" name="test_root_endpoint" time="0.281" /><testcase classname="tests.test_raven_scout_api.TestHealthEndpoints" name="test_health_endpoint" time="0.150" /><testcase classname="tests.test_raven_scout_api.TestSpeciesEndpoint" name="test_get_species" time="0.106" /><testcase classname="tests.test_raven_scout_api.TestAnalyzeHuntEndpoint" name="test_analyze_hunt_with_map_image" time="20.962" /><testcase classname="tests.test_raven_scout_api.TestAnalyzeHuntEndpoint" name="test_analyze_hunt_missing_conditions" time="0.145" /><testcase classname="tests.test_raven_scout_api.TestAnalyzeHuntEndpoint" name="test_analyze_hunt_invalid_species" time="0.182" /></testsuite></testsuites>