<?xml version="1.0" encoding="utf-8"?><testsuites name="pytest tests"><testsuite name="pytest" errors="0" failures="0" skipped="0" tests="11" time="18.440" timestamp="2026-04-17T17:17:56.650481+00:00" hostname="agent-env-a11af69e-fbea-4679-9443-500e5a2647c9"><testcase classname="tests.test_raven_scout_api.TestHealthEndpoints" name="test_root_endpoint" time="0.308" /><testcase classname="tests.test_raven_scout_api.TestHealthEndpoints" name="test_health_endpoint" time="0.145" /><testcase classname="tests.test_raven_scout_api.TestSpeciesEndpoint" name="test_get_species" time="0.124" /><testcase classname="tests.test_raven_scout_api.TestAnalyzeHuntEndpoint" name="test_analyze_hunt_with_map_image" time="16.243" /><testcase classname="tests.test_raven_scout_api.TestAnalyzeHuntEndpoint" name="test_analyze_hunt_missing_conditions" time="0.152" /><testcase classname="tests.test_raven_scout_api.TestAnalyzeHuntEndpoint" name="test_analyze_hunt_invalid_species" time="0.126" /><testcase classname="tests.test_weather_api.TestWeatherEndpoint" name="test_weather_endpoint_morning" time="0.381" /><testcase classname="tests.test_weather_api.TestWeatherEndpoint" name="test_weather_endpoint_evening" time="0.200" /><testcase classname="tests.test_weather_api.TestWeatherEndpoint" name="test_weather_endpoint_all_day" time="0.227" /><testcase classname="tests.test_weather_api.TestWeatherEndpoint" name="test_weather_endpoint_different_location" time="0.261" /><testcase classname="tests.test_weather_api.TestWeatherEndpoint" name="test_weather_endpoint_missing_fields" time="0.189" /></testsuite></testsuites>