<?xml version="1.0" encoding="utf-8"?><testsuites name="pytest tests"><testsuite name="pytest" errors="0" failures="0" skipped="0" tests="10" time="22.369" timestamp="2026-04-17T18:38:34.943971+00:00" hostname="agent-env-a11af69e-fbea-4679-9443-500e5a2647c9"><testcase classname="tests.test_auth_subscription.TestAuthEndpoints" name="test_auth_me_with_valid_token" time="0.286" /><testcase classname="tests.test_auth_subscription.TestAuthEndpoints" name="test_auth_me_without_token" time="0.169" /><testcase classname="tests.test_auth_subscription.TestAuthEndpoints" name="test_auth_me_with_invalid_token" time="0.165" /><testcase classname="tests.test_auth_subscription.TestSubscriptionEndpoints" name="test_subscription_status_with_auth" time="0.126" /><testcase classname="tests.test_auth_subscription.TestSubscriptionEndpoints" name="test_subscription_status_without_auth" time="0.178" /><testcase classname="tests.test_auth_subscription.TestSubscriptionEndpoints" name="test_subscription_tiers_public" time="0.159" /><testcase classname="tests.test_auth_subscription.TestSubscriptionEndpoints" name="test_subscription_sync_revenuecat" time="0.105" /><testcase classname="tests.test_auth_subscription.TestUsageEnforcement" name="test_analyze_hunt_requires_auth" time="0.151" /><testcase classname="tests.test_auth_subscription.TestUsageEnforcement" name="test_analyze_hunt_with_auth_succeeds" time="20.461" /><testcase classname="tests.test_auth_subscription.TestUsageEnforcement" name="test_weather_api_blocks_trial_users" time="0.489" /></testsuite></testsuites>