<?xml version="1.0" encoding="utf-8"?><testsuites name="pytest tests"><testsuite name="pytest" errors="0" failures="0" skipped="0" tests="21" time="34.610" timestamp="2026-04-17T18:41:59.074209+00:00" hostname="agent-env-a11af69e-fbea-4679-9443-500e5a2647c9"><testcase classname="tests.test_auth_subscription.TestAuthEndpoints" name="test_auth_me_with_valid_token" time="0.284" /><testcase classname="tests.test_auth_subscription.TestAuthEndpoints" name="test_auth_me_without_token" time="0.126" /><testcase classname="tests.test_auth_subscription.TestAuthEndpoints" name="test_auth_me_with_invalid_token" time="0.111" /><testcase classname="tests.test_auth_subscription.TestSubscriptionEndpoints" name="test_subscription_status_with_auth" time="0.133" /><testcase classname="tests.test_auth_subscription.TestSubscriptionEndpoints" name="test_subscription_status_without_auth" time="0.108" /><testcase classname="tests.test_auth_subscription.TestSubscriptionEndpoints" name="test_subscription_tiers_public" time="0.108" /><testcase classname="tests.test_auth_subscription.TestSubscriptionEndpoints" name="test_subscription_sync_revenuecat" time="0.121" /><testcase classname="tests.test_auth_subscription.TestUsageEnforcement" name="test_analyze_hunt_requires_auth" time="0.139" /><testcase classname="tests.test_auth_subscription.TestUsageEnforcement" name="test_analyze_hunt_with_auth_succeeds" time="16.072" /><testcase classname="tests.test_auth_subscription.TestUsageEnforcement" name="test_weather_api_blocks_trial_users" time="0.465" /><testcase classname="tests.test_raven_scout_api.TestHealthEndpoints" name="test_root_endpoint" time="0.124" /><testcase classname="tests.test_raven_scout_api.TestHealthEndpoints" name="test_health_endpoint" time="0.122" /><testcase classname="tests.test_raven_scout_api.TestSpeciesEndpoint" name="test_get_species" time="0.122" /><testcase classname="tests.test_raven_scout_api.TestAnalyzeHuntEndpoint" name="test_analyze_hunt_with_map_image" time="15.299" /><testcase classname="tests.test_raven_scout_api.TestAnalyzeHuntEndpoint" name="test_analyze_hunt_missing_conditions" time="0.203" /><testcase classname="tests.test_raven_scout_api.TestAnalyzeHuntEndpoint" name="test_analyze_hunt_invalid_species" time="0.141" /><testcase classname="tests.test_weather_api.TestWeatherEndpoint" name="test_weather_endpoint_morning" time="0.188" /><testcase classname="tests.test_weather_api.TestWeatherEndpoint" name="test_weather_endpoint_evening" time="0.177" /><testcase classname="tests.test_weather_api.TestWeatherEndpoint" name="test_weather_endpoint_all_day" time="0.169" /><testcase classname="tests.test_weather_api.TestWeatherEndpoint" name="test_weather_endpoint_different_location" time="0.160" /><testcase classname="tests.test_weather_api.TestWeatherEndpoint" name="test_weather_endpoint_missing_fields" time="0.113" /></testsuite></testsuites>