<?xml version="1.0" encoding="utf-8"?><testsuites name="pytest tests"><testsuite name="pytest" errors="0" failures="2" skipped="2" tests="23" time="3.894" timestamp="2026-04-17T19:20:11.177358+00:00" hostname="agent-env-a11af69e-fbea-4679-9443-500e5a2647c9"><testcase classname="tests.test_auth_subscription.TestAuthEndpoints" name="test_auth_me_with_valid_token" time="0.200" /><testcase classname="tests.test_auth_subscription.TestAuthEndpoints" name="test_auth_me_without_token" time="0.140" /><testcase classname="tests.test_auth_subscription.TestAuthEndpoints" name="test_auth_me_with_invalid_token" time="0.148" /><testcase classname="tests.test_auth_subscription.TestSubscriptionEndpoints" name="test_subscription_status_with_auth" time="0.134" /><testcase classname="tests.test_auth_subscription.TestSubscriptionEndpoints" name="test_subscription_status_without_auth" time="0.140" /><testcase classname="tests.test_auth_subscription.TestSubscriptionEndpoints" name="test_subscription_tiers_public" time="0.132" /><testcase classname="tests.test_auth_subscription.TestSubscriptionEndpoints" name="test_subscription_sync_revenuecat" time="0.165" /><testcase classname="tests.test_auth_subscription.TestUsageEnforcement" name="test_analyze_hunt_requires_auth" time="0.140" /><testcase classname="tests.test_auth_subscription.TestUsageEnforcement" name="test_analyze_hunt_with_auth_succeeds" time="0.120"><skipped type="pytest.skip" message="No analyses remaining for test user. Cannot test usage increment.">/app/backend/tests/test_auth_subscription.py:311: No analyses remaining for test user. Cannot test usage increment.</skipped></testcase><testcase classname="tests.test_auth_subscription.TestUsageEnforcement" name="test_weather_api_blocks_trial_users" time="0.532" /><testcase classname="tests.test_overlay_rendering.TestOverlayRendering" name="test_analyze_hunt_returns_overlays_with_coordinates" time="0.123"><failure message="AssertionError: Analysis failed: Monthly limit reached. Upgrade or wait for next cycle.&#10;assert False is True">tests/test_overlay_rendering.py:42: in test_analyze_hunt_returns_overlays_with_coordinates
    assert data["success"] is True, f"Analysis failed: {data.get('error')}"
E   AssertionError: Analysis failed: Monthly limit reached. Upgrade or wait for next cycle.
E   assert False is True</failure></testcase><testcase classname="tests.test_overlay_rendering.TestOverlayRendering" name="test_overlay_types_have_correct_structure" time="0.113"><failure message="assert False is True">tests/test_overlay_rendering.py:92: in test_overlay_types_have_correct_structure
    assert data["success"] is True
E   assert False is True</failure></testcase><testcase classname="tests.test_raven_scout_api.TestHealthEndpoints" name="test_root_endpoint" time="0.109" /><testcase classname="tests.test_raven_scout_api.TestHealthEndpoints" name="test_health_endpoint" time="0.104" /><testcase classname="tests.test_raven_scout_api.TestSpeciesEndpoint" name="test_get_species" time="0.124" /><testcase classname="tests.test_raven_scout_api.TestAnalyzeHuntEndpoint" name="test_analyze_hunt_with_map_image" time="0.159"><skipped type="pytest.skip" message="AI analysis failed: Monthly limit reached. Upgrade or wait for next cycle.">/app/backend/tests/test_raven_scout_api.py:164: AI analysis failed: Monthly limit reached. Upgrade or wait for next cycle.</skipped></testcase><testcase classname="tests.test_raven_scout_api.TestAnalyzeHuntEndpoint" name="test_analyze_hunt_missing_conditions" time="0.123" /><testcase classname="tests.test_raven_scout_api.TestAnalyzeHuntEndpoint" name="test_analyze_hunt_invalid_species" time="0.126" /><testcase classname="tests.test_weather_api.TestWeatherEndpoint" name="test_weather_endpoint_morning" time="0.167" /><testcase classname="tests.test_weather_api.TestWeatherEndpoint" name="test_weather_endpoint_evening" time="0.163" /><testcase classname="tests.test_weather_api.TestWeatherEndpoint" name="test_weather_endpoint_all_day" time="0.163" /><testcase classname="tests.test_weather_api.TestWeatherEndpoint" name="test_weather_endpoint_different_location" time="0.305" /><testcase classname="tests.test_weather_api.TestWeatherEndpoint" name="test_weather_endpoint_missing_fields" time="0.115" /></testsuite></testsuites>