<?xml version="1.0" encoding="utf-8"?><testsuites name="pytest tests"><testsuite name="pytest" errors="0" failures="0" skipped="0" tests="6" time="18.861" timestamp="2026-04-17T16:13:35.726375+00:00" hostname="agent-env-a11af69e-fbea-4679-9443-500e5a2647c9"><testcase classname="tests.test_raven_scout_api.TestHealthEndpoints" name="test_root_endpoint" time="0.370" /><testcase classname="tests.test_raven_scout_api.TestHealthEndpoints" name="test_health_endpoint" time="0.128" /><testcase classname="tests.test_raven_scout_api.TestSpeciesEndpoint" name="test_get_species" time="0.147" /><testcase classname="tests.test_raven_scout_api.TestAnalyzeHuntEndpoint" name="test_analyze_hunt_with_map_image" time="17.842" /><testcase classname="tests.test_raven_scout_api.TestAnalyzeHuntEndpoint" name="test_analyze_hunt_missing_conditions" time="0.188" /><testcase classname="tests.test_raven_scout_api.TestAnalyzeHuntEndpoint" name="test_analyze_hunt_invalid_species" time="0.116" /></testsuite></testsuites>