<?xml version="1.0" encoding="utf-8"?><testsuites name="pytest tests"><testsuite name="pytest" errors="0" failures="0" skipped="0" tests="21" time="38.201" timestamp="2026-04-17T18:59:01.661532+00:00" hostname="agent-env-a11af69e-fbea-4679-9443-500e5a2647c9"><testcase classname="tests.test_auth_subscription.TestAuthEndpoints" name="test_auth_me_with_valid_token" time="0.297" /><testcase classname="tests.test_auth_subscription.TestAuthEndpoints" name="test_auth_me_without_token" time="0.137" /><testcase classname="tests.test_auth_subscription.TestAuthEndpoints" name="test_auth_me_with_invalid_token" time="0.118" /><testcase classname="tests.test_auth_subscription.TestSubscriptionEndpoints" name="test_subscription_status_with_auth" time="0.176" /><testcase classname="tests.test_auth_subscription.TestSubscriptionEndpoints" name="test_subscription_status_without_auth" time="0.141" /><testcase classname="tests.test_auth_subscription.TestSubscriptionEndpoints" name="test_subscription_tiers_public" time="0.113" /><testcase classname="tests.test_auth_subscription.TestSubscriptionEndpoints" name="test_subscription_sync_revenuecat" time="0.164" /><testcase classname="tests.test_auth_subscription.TestUsageEnforcement" name="test_analyze_hunt_requires_auth" time="0.140" /><testcase classname="tests.test_auth_subscription.TestUsageEnforcement" name="test_analyze_hunt_with_auth_succeeds" time="18.534" /><testcase classname="tests.test_auth_subscription.TestUsageEnforcement" name="test_weather_api_blocks_trial_users" time="0.430" /><testcase classname="tests.test_raven_scout_api.TestHealthEndpoints" name="test_root_endpoint" time="0.151" /><testcase classname="tests.test_raven_scout_api.TestHealthEndpoints" name="test_health_endpoint" time="0.184" /><testcase classname="tests.test_raven_scout_api.TestSpeciesEndpoint" name="test_get_species" time="0.125" /><testcase classname="tests.test_raven_scout_api.TestAnalyzeHuntEndpoint" name="test_analyze_hunt_with_map_image" time="16.084" /><testcase classname="tests.test_raven_scout_api.TestAnalyzeHuntEndpoint" name="test_analyze_hunt_missing_conditions" time="0.155" /><testcase classname="tests.test_raven_scout_api.TestAnalyzeHuntEndpoint" name="test_analyze_hunt_invalid_species" time="0.173" /><testcase classname="tests.test_weather_api.TestWeatherEndpoint" name="test_weather_endpoint_morning" time="0.181" /><testcase classname="tests.test_weather_api.TestWeatherEndpoint" name="test_weather_endpoint_evening" time="0.185" /><testcase classname="tests.test_weather_api.TestWeatherEndpoint" name="test_weather_endpoint_all_day" time="0.214" /><testcase classname="tests.test_weather_api.TestWeatherEndpoint" name="test_weather_endpoint_different_location" time="0.287" /><testcase classname="tests.test_weather_api.TestWeatherEndpoint" name="test_weather_endpoint_missing_fields" time="0.114" /></testsuite></testsuites>